<?xml version="1.0" encoding="UTF-8"?>
<!-- Generated by org.testng.reporters.JUnitXMLReporter -->
<testsuite ignored="0" hostname="DEVARAs" failures="0" tests="5" name="Default test" time="0.086" errors="0" timestamp="2023-09-17T14:53:04 EDT">
  <testcase classname="GitHubMaven.Countries2" name="jk" time="0.011"/>
  <testcase classname="GitHubMaven.Countries2" name="ka" time="0.001"/>
  <testcase classname="GitHubMaven.Countries2" name="ke" time="0.001"/>
  <testcase classname="GitHubMaven.Countries2" name="mh" time="0.002"/>
  <testcase classname="GitHubMaven.Countries2" name="wb" time="0.002"/>
</testsuite> <!-- Default test -->
