<?xml version="1.0" encoding="UTF-8"?>
<!-- Generated by org.testng.reporters.JUnitXMLReporter -->
<testsuite ignored="0" hostname="DEVARAs" failures="0" tests="10" name="Test" time="0.109" errors="0" timestamp="2023-09-17T14:53:43 EDT">
  <testcase classname="GitHubMaven.Countries2" name="jk" time="0.016"/>
  <testcase classname="GitHubMaven.Countries2" name="ka" time="0.002"/>
  <testcase classname="GitHubMaven.Countries2" name="ke" time="0.002"/>
  <testcase classname="GitHubMaven.Countries2" name="mh" time="0.003"/>
  <testcase classname="GitHubMaven.Countries2" name="wb" time="0.002"/>
  <testcase classname="GitHubMaven.Countries1" name="ap" time="0.0"/>
  <testcase classname="GitHubMaven.Countries1" name="bi" time="0.001"/>
  <testcase classname="GitHubMaven.Countries1" name="gu" time="0.001"/>
  <testcase classname="GitHubMaven.Countries1" name="pu" time="0.002"/>
  <testcase classname="GitHubMaven.Countries1" name="te" time="0.001"/>
</testsuite> <!-- Test -->
